[00:00:15] [Server thread/WARN]: Dudguin moved too quickly! 7.679680360137695,2.024424088213692,-6.327575668400527
[00:00:15] [Server thread/WARN]: Can't keep up! Is the server overloaded? Running 3628ms or 72 ticks behind
[00:00:49] [Server thread/INFO]: isensedemons lost connection: Disconnected
[00:00:49] [Server thread/INFO]: isensedemons left the game
[00:00:50] [Server thread/INFO]: isensedemons[/203.86.195.185:51090] logged in with entity id 138735 at (1284.1063091413384, 62.073264739703426, 1020.150172652763)
[00:00:50] [Server thread/INFO]: isensedemons joined the game
[00:02:26] [Server thread/WARN]: Can't keep up! Is the server overloaded? Running 2041ms or 40 ticks behind
[00:02:43] [Server thread/INFO]: <Gumsin> asdsad
[00:02:51] [Server thread/WARN]: Can't keep up! Is the server overloaded? Running 9796ms or 195 ticks behind
[00:03:01] [Server thread/INFO]: <FunguyXZ12> lads?
[00:03:04] [Server thread/INFO]: <PurpleC0ke> HUH '
[00:03:06] [Server thread/INFO]: <isensedemons> huh
[00:03:06] [Server thread/INFO]: <Gumsin> ??
[00:03:07] [Server thread/INFO]: [Zva: Teleported Zva to isensedemons]
[00:03:09] [Server thread/WARN]: Can't keep up! Is the server overloaded? Running 3481ms or 69 ticks behind
[00:03:10] [Server thread/INFO]: <Gumsin> discord
[00:03:14] [Server thread/INFO]: <Gumsin> disconnected
[00:03:17] [Server thread/INFO]: <isensedemons> o
[00:03:17] [Server thread/INFO]: <isensedemons> wtf
[00:03:18] [Server thread/INFO]: <Dudguin> agreed
[00:03:18] [Server thread/INFO]: <Gumsin> or just me
[00:03:19] [Server thread/INFO]: <PurpleC0ke> its just me and jezza HUH
[00:03:21] [Server thread/INFO]: <isensedemons> LOL
[00:04:01] [Server thread/WARN]: Can't keep up! Is the server overloaded? Running 2002ms or 40 ticks behind
[00:04:03] [Server thread/INFO]: <Dudguin> hi dennis
[00:04:03] [Server thread/INFO]: <Gumsin> wait discord wont restart either
[00:04:19] [Server thread/INFO]: Gumsin lost connection: Disconnected
[00:04:19] [Server thread/INFO]: Gumsin left the game
[00:04:27] [Server thread/WARN]: Can't keep up! Is the server overloaded? Running 11210ms or 224 ticks behind
[00:04:53] [Server thread/INFO]: <PurpleC0ke> uh
[00:04:54] [Server thread/INFO]: isensedemons drowned
[00:05:02] [Server thread/INFO]: [Zva: Teleported isensedemons to Zva]
[00:05:02] [Server thread/WARN]: isensedemons moved too quickly! 1372.2687619918563,-20.0,456.98732891393786
[00:05:02] [Server thread/INFO]: <Dudguin> uh
[00:05:22] [Server thread/INFO]: <FunguyXZ12> dl dont move
[00:05:30] [Server thread/INFO]: <FunguyXZ12> i have insane enchanted fishing rod
[00:05:30] [Server thread/INFO]: <PurpleC0ke> taking us back to base bruv
[00:05:35] [Server thread/INFO]: isensedemons discovered the floor was lava
[00:05:38] [Server thread/INFO]: <PurpleC0ke> got ditched by jezza
[00:05:41] [Server thread/INFO]: [Zva: Teleported isensedemons to Zva]
[00:05:41] [Server thread/INFO]: <isensedemons> huh
[00:05:49] [Server thread/WARN]: Can't keep up! Is the server overloaded? Running 5517ms or 110 ticks behind
[00:05:49] [Server thread/INFO]: <PurpleC0ke> fish back at base
[00:06:10] [Server thread/INFO]: <FunguyXZ12> so romantic
[00:06:15] [Server thread/INFO]: <FunguyXZ12> just me and dl
[00:06:20] [Server thread/INFO]: Gumsin[/121.210.50.23:50193] logged in with entity id 147322 at (700.9165080471265, 68.0, 927.7629891812085)
[00:06:20] [Server thread/INFO]: Gumsin joined the game
[00:06:20] [Server thread/INFO]: Zva drowned
[00:06:22] [Server thread/INFO]: <FunguyXZ12> with the moonlight
[00:06:26] [Server thread/WARN]: Can't keep up! Is the server overloaded? Running 2020ms or 40 ticks behind
[00:06:28] [Server thread/INFO]: [Zva: Teleported Zva to isensedemons]
[00:06:28] [Server thread/WARN]: Zva moved too quickly! 1367.4266735850017,-30.296658491024267,442.0569750067168
[00:06:34] [Server thread/INFO]: <PurpleC0ke> come back discord
[00:06:44] [Server thread/INFO]: <Gumsin> i cant start discord
[00:06:47] [Server thread/WARN]: Can't keep up! Is the server overloaded? Running 5983ms or 119 ticks behind
[00:06:47] [Server thread/INFO]: <Gumsin> or connect
[00:06:51] [Server thread/INFO]: <isensedemons> wtf
[00:06:54] [Server thread/INFO]: <Gumsin> l0l
[00:06:56] [Server thread/INFO]: <FunguyXZ12> same
[00:06:58] [Server thread/INFO]: <Gumsin> are all of you back
[00:07:00] [Server thread/INFO]: <Gumsin> ???
[00:07:02] [Server thread/INFO]: <Dudguin> no
[00:07:03] [Server thread/INFO]: <Gumsin> LOL
[00:07:03] [Server thread/INFO]: <isensedemons> i somehow can
[00:07:05] [Server thread/INFO]: <Gumsin> fking discord
[00:07:07] [Server thread/INFO]: <PurpleC0ke> jezza and i didnt dc
[00:07:13] [Server thread/INFO]: <Gumsin> whats alternative to discord
[00:07:19] [Server thread/INFO]: <Gumsin> back to skype days LOL
[00:07:21] [Server thread/INFO]: <PurpleC0ke> sykpe
[00:07:23] [Server thread/INFO]: <Dudguin> facebook group call
[00:07:25] [Server thread/INFO]: FunguyXZ12 has made the advancement [Fishy Business]
[00:08:09] [Server thread/INFO]: Dudguin has made the advancement [Fishy Business]
[00:08:33] [Server thread/INFO]: Gumsin fell from a high place
[00:08:54] [Server thread/INFO]: <Gumsin> ?
[00:08:57] [Server thread/INFO]: isensedemons drowned
[00:09:02] [Server thread/INFO]: <FunguyXZ12> WTF
[00:09:05] [Server thread/INFO]: <Gumsin> l0lp
[00:09:07] [Server thread/INFO]: <isensedemons> ffs
[00:09:11] [Server thread/INFO]: [Zva: Teleported isensedemons to Zva]
[00:09:19] [Server thread/INFO]: <Gumsin> i still cant get discord working
[00:10:29] [Server thread/INFO]: Gumsin was shot by Skeleton
[00:10:32] [Server thread/INFO]: Zva drowned
[00:10:35] [Server thread/INFO]: <Dudguin> boys
[00:10:38] [Server thread/INFO]: <isensedemons> yeah
[00:10:39] [Server thread/INFO]: [Zva: Teleported Zva to isensedemons]
[00:11:00] [Server thread/WARN]: Can't keep up! Is the server overloaded? Running 3632ms or 72 ticks behind
[00:11:12] [Server thread/ERROR]: Can't find any space for item in the inventory
[00:11:12] [Server thread/ERROR]: Can't find any space for item in the inventory
[00:11:12] [Server thread/ERROR]: Can't find any space for item in the inventory
[00:11:12] [Server thread/ERROR]: Can't find any space for item in the inventory
[00:11:12] [Server thread/ERROR]: Can't find any space for item in the inventory
[00:11:12] [Server thread/ERROR]: Can't find any space for item in the inventory
[00:11:12] [Server thread/ERROR]: Can't find any space for item in the inventory
[00:11:12] [Server thread/ERROR]: Can't find any space for item in the inventory
[00:11:12] [Server thread/ERROR]: Can't find any space for item in the inventory
[00:11:12] [Server thread/ERROR]: Can't find any space for item in the inventory
[00:11:12] [Server thread/ERROR]: Can't find any space for item in the inventory
[00:11:12] [Server thread/ERROR]: Can't find any space for item in the inventory
[00:11:12] [Server thread/ERROR]: Can't find any space for item in the inventory
[00:11:12] [Server thread/ERROR]: Can't find any space for item in the inventory
[00:11:36] [Server thread/INFO]: <Gumsin> wait
[00:11:41] [Server thread/INFO]: <Gumsin> anyone back
[00:11:55] [Server thread/WARN]: Can't keep up! Is the server overloaded? Running 3147ms or 62 ticks behind
[00:12:06] [Server thread/INFO]: <PurpleC0ke> help
[00:12:33] [Server thread/INFO]: <Gumsin> LOL
[00:12:52] [Server thread/INFO]: Gumsin has made the advancement [Take Aim]
[00:13:24] [Server thread/INFO]: <FunguyXZ12> feel like shit
[00:13:33] [Server thread/INFO]: <Dudguin> just want the old server back
[00:13:36] [Server thread/INFO]: <isensedemons> yeah
[00:13:38] [Server thread/INFO]: Zva lost connection: Disconnected
[00:13:38] [Server thread/INFO]: Zva left the game
[00:13:38] [Server thread/INFO]: <PurpleC0ke> +1
[00:13:48] [Server thread/INFO]: <isensedemons> i might take a break
[00:13:53] [Server thread/INFO]: <isensedemons> maybe start fresh with a better seed
[00:13:57] [Server thread/INFO]: <isensedemons> or even the old fucking seed
[00:14:05] [Server thread/INFO]: <Gumsin> cbk
[00:14:19] [Server thread/INFO]: <FunguyXZ12> fk
[00:14:25] [Server thread/INFO]: <isensedemons> i'm going to buy a $200 minecraft machine
[00:14:28] [Server thread/INFO]: <isensedemons> sick of this shit
[00:14:31] [Server thread/INFO]: <Gumsin> LOL
[00:14:36] [Server thread/INFO]: <isensedemons> alright boys cya might come back tonight
[00:14:37] [Server thread/INFO]: <Dudguin> bro, there is no way that the old server is lost right?
[00:14:39] [Server thread/INFO]: <Dudguin> LOL
[00:14:40] [Server thread/INFO]: <FunguyXZ12> ive got a fuckn clean fishing rod tho
[00:14:42] [Server thread/INFO]: isensedemons lost connection: Disconnected
[00:14:42] [Server thread/INFO]: isensedemons left the game
[00:15:36] [Server thread/INFO]: <Dudguin> give me my composter back please
[00:15:57] [Server thread/INFO]: <Dudguin> sorry
[00:16:23] [Server thread/INFO]: <Gumsin> ill come back when discord is back online
[00:16:30] [Server thread/INFO]: <Dudguin> okay
[00:17:04] [Server thread/INFO]: Gumsin lost connection: Disconnected
[00:17:04] [Server thread/INFO]: Gumsin left the game
[00:17:59] [Server thread/INFO]: Dudguin lost connection: Disconnected
[00:17:59] [Server thread/INFO]: Dudguin left the game
[00:18:26] [Server thread/INFO]: PurpleC0ke lost connection: Disconnected
[00:18:26] [Server thread/INFO]: PurpleC0ke left the game
[00:19:02] [Server thread/INFO]: PurpleC0ke[/121.99.64.72:63423] logged in with entity id 156583 at (696.9422395481365, 71.0, 935.5725924873303)
[00:19:02] [Server thread/INFO]: PurpleC0ke joined the game
[00:19:13] [Server thread/INFO]: PurpleC0ke has made the advancement [A Seedy Place]
[00:19:53] [Server thread/INFO]: <FunguyXZ12> wtf
[00:19:54] [Server thread/INFO]: Zva[/203.86.195.185:62983] logged in with entity id 157307 at (1557.512499988079, 41.0, 606.3431602310504)
[00:19:54] [Server thread/INFO]: Zva joined the game
[00:19:57] [Server thread/INFO]: <FunguyXZ12> i got insane bow
[00:20:01] [Server thread/INFO]: <FunguyXZ12> from fishing
[00:20:30] [Server thread/INFO]: <PurpleC0ke> insane'
[00:20:50] [Server thread/INFO]: <Zva> I'll keep the server on forever
[00:21:02] [Server thread/INFO]: <Zva> feel free to keep playin fam
[00:21:03] [Server thread/INFO]: Zva lost connection: Disconnected
[00:21:03] [Server thread/INFO]: Zva left the game
[00:27:20] [Server thread/INFO]: <FunguyXZ12> if u can find some redstone
[00:27:27] [Server thread/INFO]: <FunguyXZ12> i can make afk fishing farm
[00:27:30] [Server thread/INFO]: <PurpleC0ke> in chest
[00:27:45] [Server thread/INFO]: <PurpleC0ke> wait il l come and give you 24
[00:28:17] [Server thread/INFO]: <FunguyXZ12> i dont see shit dawg
[00:34:04] [Server thread/INFO]: <FunguyXZ12> need anvil to repiar shit right?
[00:34:09] [Server thread/INFO]: <PurpleC0ke> ye\
[00:34:14] [Server thread/INFO]: <FunguyXZ12> can u make anvil
[00:34:20] [Server thread/INFO]: <PurpleC0ke> not enough iron yet
[00:34:27] [Server thread/INFO]: <FunguyXZ12> thats like 30 iron
[00:34:30] [Server thread/INFO]: <FunguyXZ12> get to it
[00:34:33] [Server thread/INFO]: <PurpleC0ke> yessir
[00:35:41] [Server thread/INFO]: <PurpleC0ke> ez
[00:35:43] [Server thread/INFO]: PurpleC0ke has made the advancement [Diamonds!]
[00:37:54] [Server thread/INFO]: <PurpleC0ke> ok got enough iron too
[00:38:09] [Server thread/INFO]: Gumsin[/121.210.50.23:53566] logged in with entity id 167677 at (688.3386035958216, 68.0, 958.1089545090204)
[00:38:09] [Server thread/INFO]: Gumsin joined the game
[00:38:12] [Server thread/INFO]: Gumsin was shot by Skeleton
[00:38:17] [Server thread/INFO]: <PurpleC0ke> LOL
[00:38:26] [Server thread/INFO]: <Gumsin> is discord up
[00:38:27] [Server thread/INFO]: <Gumsin> LOL
[00:38:29] [Server thread/INFO]: <Gumsin> fucks sake
[00:39:03] [Server thread/INFO]: Gumsin was shot by Skeleton
[00:39:25] [Server thread/INFO]: Gumsin was shot by Skeleton
[00:39:52] [Server thread/INFO]: <PurpleC0ke> what else was yours?
[00:40:47] [Server thread/INFO]: <PurpleC0ke> ken
[00:40:52] [Server thread/INFO]: <PurpleC0ke> where you want your anvil cunt
[00:40:52] [Server thread/INFO]: <FunguyXZ12> ?
[00:41:04] [Server thread/INFO]: <FunguyXZ12> just build it here on me
[00:41:15] [Server thread/INFO]: <PurpleC0ke> gave it to you
[00:41:59] [Server thread/INFO]: Gumsin has made the advancement [A Seedy Place]
[00:42:19] [Server thread/INFO]: <PurpleC0ke> is this gonna be our permanent residency?
[00:42:39] [Server thread/INFO]: <FunguyXZ12> check hopper
[00:42:47] [Server thread/INFO]: <FunguyXZ12> how do i get hopper items into chest
[00:42:50] [Server thread/INFO]: <FunguyXZ12> wtf
[00:43:06] [Server thread/INFO]: <PurpleC0ke> cltr click hopper on chest
[00:43:26] [Server thread/INFO]: <FunguyXZ12> ?
[00:43:27] [Server thread/INFO]: <PurpleC0ke> wait i dont think you can break hoppers
[00:44:28] [Server thread/INFO]: <Gumsin> fuck
[00:44:44] [Server thread/INFO]: <PurpleC0ke> did it
[00:45:04] [Server thread/INFO]: <PurpleC0ke> should be connected now
[00:45:14] [Server thread/INFO]: <FunguyXZ12> ok need to reapir my fishign rod
[00:45:40] [Server thread/INFO]: <PurpleC0ke> im lvl 17 if you need lvls
[00:46:22] [Server thread/INFO]: <PurpleC0ke> is your discord still not workging lOl
[00:46:38] [Server thread/INFO]: <FunguyXZ12> nope
[00:46:56] [Server thread/INFO]: <PurpleC0ke> yep it works
[00:46:59] [Server thread/INFO]: <PurpleC0ke> too easy
[00:47:00] [Server thread/INFO]: <FunguyXZ12> nice
[00:47:04] [Server thread/INFO]: <FunguyXZ12> i can literally afk
[00:47:14] [Server thread/INFO]: <FunguyXZ12> and farm enchanted books and bows
[00:47:27] [Server thread/INFO]: <FunguyXZ12> fk and u doing gumsin
[00:47:55] [Server thread/INFO]: <Gumsin> aight im taking more break until fking discord fixes
[00:48:07] [Server thread/INFO]: Gumsin lost connection: Disconnected
[00:48:07] [Server thread/INFO]: Gumsin left the game
[00:48:16] [Server thread/INFO]: <PurpleC0ke> oh shit another one
[00:48:20] [Server thread/INFO]: <PurpleC0ke> fishing rod
[00:48:26] [Server thread/INFO]: <PurpleC0ke> gcan we do it at the same time LOL
[00:48:43] [Server thread/INFO]: <FunguyXZ12> come chill
[00:48:45] [Server thread/INFO]: <PurpleC0ke> where all the string at
[00:48:50] [Server thread/INFO]: <PurpleC0ke> got to fix fishing rod
[00:48:59] [Server thread/INFO]: <FunguyXZ12> oh i took the last 2 string
[00:49:32] [Server thread/INFO]: <FunguyXZ12> aim
[00:49:38] [Server thread/INFO]: <FunguyXZ12> at the music block
[00:49:42] [Server thread/INFO]: <FunguyXZ12> hold right click
[00:50:36] [Server thread/INFO]: <PurpleC0ke> what enchantments you got
[00:50:51] [Server thread/INFO]: <FunguyXZ12> luck of the sea 3 and unbreaking 3
[00:51:00] [Server thread/INFO]: <PurpleC0ke> wait thats insane
[00:51:06] [Server thread/INFO]: <FunguyXZ12> actually nutting rn
[00:51:24] [Server thread/INFO]: <PurpleC0ke> come here
[00:51:36] [Server thread/INFO]: <FunguyXZ12> ??
[00:51:44] [Server thread/INFO]: <FunguyXZ12> why
[00:51:53] [Server thread/INFO]: <PurpleC0ke> why not
[00:51:55] [Server thread/INFO]: <FunguyXZ12> u want me to be the fucking village fisherman now?>
[00:52:00] [Server thread/INFO]: <PurpleC0ke> yep
[00:52:18] [Server thread/INFO]: <PurpleC0ke> for everytime it breaks :P
[00:53:10] [Server thread/INFO]: <FunguyXZ12> wait
[00:53:17] [Server thread/INFO]: <FunguyXZ12> what are u doing
[00:54:18] [Server thread/INFO]: <FunguyXZ12> if u aim at the block correctly
[00:54:24] [Server thread/INFO]: <FunguyXZ12> it shouldnt be making any noise
[00:54:32] [Server thread/INFO]: <PurpleC0ke> let me try
[00:54:56] [Server thread/INFO]: <PurpleC0ke> huh
[00:55:05] [Server thread/INFO]: <FunguyXZ12> youll know when u catch something
[00:55:19] [Server thread/INFO]: <PurpleC0ke> taking my talents to the ocean
[00:55:57] [Server thread/INFO]: PurpleC0ke has made the advancement [Fishy Business]
[00:58:07] [Server thread/INFO]: <FunguyXZ12> just hold it cunt\
[00:58:14] [Server thread/INFO]: <FunguyXZ12> dont need to press
[00:58:19] [Server thread/INFO]: <FunguyXZ12> spam click
[00:58:29] [Server thread/INFO]: <PurpleC0ke> im not clicking tho
[00:59:56] [Server thread/INFO]: <FunguyXZ12> come hjere
[01:00:41] [Server thread/INFO]: <PurpleC0ke> whatchu want
[01:00:53] [Server thread/INFO]: <FunguyXZ12> i jsut want 99 fishing cunt
[01:01:05] [Server thread/WARN]: PurpleC0ke moved too quickly! 7.712399651552005,2.130906499714527,-6.210406448508479
[01:02:14] [Server thread/INFO]: <FunguyXZ12> u really gave me the dildo
[01:02:21] [Server thread/INFO]: <PurpleC0ke> uh huh
[01:02:31] [Server thread/INFO]: <FunguyXZ12> wwait
[01:02:33] [Server thread/INFO]: <FunguyXZ12> are u lvl 22
[01:02:39] [Server thread/INFO]: <FunguyXZ12> come bine this shit fo rme
[01:02:51] [Server thread/INFO]: <PurpleC0ke> bruv i spent my levels naming it dildo
[01:02:56] [Server thread/INFO]: <FunguyXZ12> ???????????
[01:08:28] [Server thread/INFO]: <FunguyXZ12> ender
[01:08:42] [Server thread/INFO]: <PurpleC0ke> wher'
[01:08:45] [Server thread/INFO]: <FunguyXZ12> in iour house
[01:08:47] [Server thread/INFO]: <FunguyXZ12> around it
[01:08:49] [Server thread/INFO]: <PurpleC0ke> lets kikll
[01:09:36] [Server thread/INFO]: FunguyXZ12 was slain by Enderman
[01:09:39] [Server thread/INFO]: <FunguyXZ12> FUCK OFF
[01:10:05] [Server thread/INFO]: <FunguyXZ12> entrance
[01:10:07] [Server thread/INFO]: <FunguyXZ12> COEMOCME
[01:10:36] [Server thread/INFO]: PurpleC0ke was slain by Enderman
[01:10:56] [Server thread/INFO]: <PurpleC0ke> we get pearl?
[01:10:59] [Server thread/INFO]: <FunguyXZ12> waht u get
[01:11:05] [Server thread/INFO]: <PurpleC0ke> nothing
[01:11:10] [Server thread/INFO]: <FunguyXZ12> got noothing
[01:11:13] [Server thread/INFO]: <PurpleC0ke> tL)OL
[01:12:33] [Server thread/INFO]: <PurpleC0ke> right gonna take a break too
[01:12:39] [Server thread/INFO]: <PurpleC0ke> fuck me gonna do some hw aye
[01:12:48] [Server thread/INFO]: <FunguyXZ12> 10 hrs ot lectures
[01:12:53] [Server thread/INFO]: <PurpleC0ke> yeessir
[01:13:01] [Server thread/INFO]: PurpleC0ke lost connection: Disconnected
[01:13:01] [Server thread/INFO]: PurpleC0ke left the game
[01:20:54] [Server thread/INFO]: PurpleC0ke[/121.99.64.72:63627] logged in with entity id 190556 at (721.8879629908085, 77.0, 939.0622789492601)
[01:20:54] [Server thread/INFO]: PurpleC0ke joined the game
[01:20:57] [Server thread/INFO]: <PurpleC0ke> oi
[01:21:00] [Server thread/INFO]: <PurpleC0ke> come discord
[01:21:08] [Server thread/INFO]: <PurpleC0ke> works for kevi nnow
[01:21:14] [Server thread/INFO]: <PurpleC0ke> probs works for you too buddy
[01:21:38] [Server thread/INFO]: <FunguyXZ12> uh
[01:21:44] [Server thread/INFO]: <FunguyXZ12> nope
[01:21:48] [Server thread/INFO]: <PurpleC0ke> huh
[01:22:02] [Server thread/INFO]: PurpleC0ke lost connection: Disconnected
[01:22:02] [Server thread/INFO]: PurpleC0ke left the game
[01:22:08] [Server thread/INFO]: Gumsin[/121.210.50.23:59866] logged in with entity id 191008 at (726.0749999880791, 77.0, 938.7624999880791)
[01:22:08] [Server thread/INFO]: Gumsin joined the game
[01:22:52] [Server thread/INFO]: Gumsin lost connection: Disconnected
[01:22:52] [Server thread/INFO]: Gumsin left the game
[01:23:03] [Server thread/INFO]: FunguyXZ12 lost connection: Disconnected
[01:23:03] [Server thread/INFO]: FunguyXZ12 left the game
[01:28:53] [Server thread/INFO]: PurpleC0ke[/121.99.64.72:63653] logged in with entity id 191483 at (721.2281503994755, 76.0, 939.6999999880791)
[01:28:53] [Server thread/INFO]: PurpleC0ke joined the game
[01:29:53] [Server thread/INFO]: PurpleC0ke lost connection: Disconnected
[01:29:53] [Server thread/INFO]: PurpleC0ke left the game
